  main.cpp
C:\Users\User\Desktop\HaiYin\圖學\HW1\AS01_Framework\HW1_VS2017_Framework\OpenGLFramework-VS2017\main.cpp(247,12): warning C4244:  '正在初始化': 將 'double' 轉換為 'GLfloat'，由於類型不同，可能導致資料遺失
C:\Users\User\Desktop\HaiYin\圖學\HW1\AS01_Framework\HW1_VS2017_Framework\OpenGLFramework-VS2017\main.cpp(283,20): warning C4305:  '正在初始化': 從 'double' 轉換為 'GLfloat'，是由較大的類型轉換為較小的類型，可能導致資料遺失
C:\Users\User\Desktop\HaiYin\圖學\HW1\AS01_Framework\HW1_VS2017_Framework\OpenGLFramework-VS2017\main.cpp(290,15): warning C4305:  '正在初始化': 從 'double' 轉換為 'GLfloat'，是由較大的類型轉換為較小的類型，可能導致資料遺失
C:\Users\User\Desktop\HaiYin\圖學\HW1\AS01_Framework\HW1_VS2017_Framework\OpenGLFramework-VS2017\main.cpp(450,46): warning C4244:  '+=': 將 'double' 轉換為 'float'，由於類型不同，可能導致資料遺失
C:\Users\User\Desktop\HaiYin\圖學\HW1\AS01_Framework\HW1_VS2017_Framework\OpenGLFramework-VS2017\main.cpp(453,46): warning C4244:  '+=': 將 'double' 轉換為 'float'，由於類型不同，可能導致資料遺失
C:\Users\User\Desktop\HaiYin\圖學\HW1\AS01_Framework\HW1_VS2017_Framework\OpenGLFramework-VS2017\main.cpp(456,43): warning C4244:  '+=': 將 'double' 轉換為 'float'，由於類型不同，可能導致資料遺失
C:\Users\User\Desktop\HaiYin\圖學\HW1\AS01_Framework\HW1_VS2017_Framework\OpenGLFramework-VS2017\main.cpp(459,40): warning C4244:  '+=': 將 'double' 轉換為 'float'，由於類型不同，可能導致資料遺失
C:\Users\User\Desktop\HaiYin\圖學\HW1\AS01_Framework\HW1_VS2017_Framework\OpenGLFramework-VS2017\main.cpp(463,42): warning C4244:  '+=': 將 'double' 轉換為 'float'，由於類型不同，可能導致資料遺失
C:\Users\User\Desktop\HaiYin\圖學\HW1\AS01_Framework\HW1_VS2017_Framework\OpenGLFramework-VS2017\main.cpp(467,43): warning C4244:  '+=': 將 'double' 轉換為 'float'，由於類型不同，可能導致資料遺失
C:\Users\User\Desktop\HaiYin\圖學\HW1\AS01_Framework\HW1_VS2017_Framework\OpenGLFramework-VS2017\main.cpp(492,59): warning C4244:  '=': 將 'double' 轉換為 'float'，由於類型不同，可能導致資料遺失
C:\Users\User\Desktop\HaiYin\圖學\HW1\AS01_Framework\HW1_VS2017_Framework\OpenGLFramework-VS2017\main.cpp(493,60): warning C4244:  '=': 將 'double' 轉換為 'float'，由於類型不同，可能導致資料遺失
C:\Users\User\Desktop\HaiYin\圖學\HW1\AS01_Framework\HW1_VS2017_Framework\OpenGLFramework-VS2017\main.cpp(496,60): warning C4244:  '=': 將 'double' 轉換為 'float'，由於類型不同，可能導致資料遺失
C:\Users\User\Desktop\HaiYin\圖學\HW1\AS01_Framework\HW1_VS2017_Framework\OpenGLFramework-VS2017\main.cpp(497,59): warning C4244:  '=': 將 'double' 轉換為 'float'，由於類型不同，可能導致資料遺失
C:\Users\User\Desktop\HaiYin\圖學\HW1\AS01_Framework\HW1_VS2017_Framework\OpenGLFramework-VS2017\main.cpp(500,56): warning C4244:  '=': 將 'double' 轉換為 'float'，由於類型不同，可能導致資料遺失
C:\Users\User\Desktop\HaiYin\圖學\HW1\AS01_Framework\HW1_VS2017_Framework\OpenGLFramework-VS2017\main.cpp(501,57): warning C4244:  '=': 將 'double' 轉換為 'float'，由於類型不同，可能導致資料遺失
C:\Users\User\Desktop\HaiYin\圖學\HW1\AS01_Framework\HW1_VS2017_Framework\OpenGLFramework-VS2017\main.cpp(504,53): warning C4244:  '=': 將 'double' 轉換為 'float'，由於類型不同，可能導致資料遺失
C:\Users\User\Desktop\HaiYin\圖學\HW1\AS01_Framework\HW1_VS2017_Framework\OpenGLFramework-VS2017\main.cpp(505,54): warning C4244:  '=': 將 'double' 轉換為 'float'，由於類型不同，可能導致資料遺失
C:\Users\User\Desktop\HaiYin\圖學\HW1\AS01_Framework\HW1_VS2017_Framework\OpenGLFramework-VS2017\main.cpp(509,55): warning C4244:  '=': 將 'double' 轉換為 'float'，由於類型不同，可能導致資料遺失
C:\Users\User\Desktop\HaiYin\圖學\HW1\AS01_Framework\HW1_VS2017_Framework\OpenGLFramework-VS2017\main.cpp(510,56): warning C4244:  '=': 將 'double' 轉換為 'float'，由於類型不同，可能導致資料遺失
C:\Users\User\Desktop\HaiYin\圖學\HW1\AS01_Framework\HW1_VS2017_Framework\OpenGLFramework-VS2017\main.cpp(514,56): warning C4244:  '=': 將 'double' 轉換為 'float'，由於類型不同，可能導致資料遺失
C:\Users\User\Desktop\HaiYin\圖學\HW1\AS01_Framework\HW1_VS2017_Framework\OpenGLFramework-VS2017\main.cpp(515,57): warning C4244:  '=': 將 'double' 轉換為 'float'，由於類型不同，可能導致資料遺失
C:\Users\User\Desktop\HaiYin\圖學\HW1\AS01_Framework\HW1_VS2017_Framework\OpenGLFramework-VS2017\main.cpp(736,9): warning C4477:  'printf' : 格式字串 '%d' 需要 'int' 類型的引數，但 variadic 引數 1 的類型為 'unsigned __int64'
C:\Users\User\Desktop\HaiYin\圖學\HW1\AS01_Framework\HW1_VS2017_Framework\OpenGLFramework-VS2017\main.cpp(736,9): message :  請考慮在格式字串中使用 '%zd'
C:\Users\User\Desktop\HaiYin\圖學\HW1\AS01_Framework\HW1_VS2017_Framework\OpenGLFramework-VS2017\main.cpp(736,9): warning C4477:  'printf' : 格式字串 '%d' 需要 'int' 類型的引數，但 variadic 引數 2 的類型為 'unsigned __int64'
C:\Users\User\Desktop\HaiYin\圖學\HW1\AS01_Framework\HW1_VS2017_Framework\OpenGLFramework-VS2017\main.cpp(736,9): message :  請考慮在格式字串中使用 '%zd'
C:\Users\User\Desktop\HaiYin\圖學\HW1\AS01_Framework\HW1_VS2017_Framework\OpenGLFramework-VS2017\main.cpp(748,46): warning C4267:  '=': 將 'size_t' 轉換為 'int'，資料可能遺失
C:\Users\User\Desktop\HaiYin\圖學\HW1\AS01_Framework\HW1_VS2017_Framework\OpenGLFramework-VS2017\main.cpp(773,23): warning C4305:  '=': 從 'double' 轉換為 'GLfloat'，是由較大的類型轉換為較小的類型，可能導致資料遺失
C:\Users\User\Desktop\HaiYin\圖學\HW1\AS01_Framework\HW1_VS2017_Framework\OpenGLFramework-VS2017\main.cpp(793,33): warning C4305:  '引數': 從 'double' 轉換為 'GLfloat'，是由較大的類型轉換為較小的類型，可能導致資料遺失
  OpenGLFramework-VS2017.vcxproj -> C:\Users\User\Desktop\HaiYin\圖學\HW1\AS01_Framework\HW1_VS2017_Framework\x64\Debug\OpenGLFramework-VS2017.exe
