  main.cpp
C:\Users\User\Desktop\HaiYin\圖學\HW3\AS03_Framework\AS03_Framework\OpenGLFramework-VS2017\OpenGLFramework-VS2017\main.cpp(314,58): warning C4244:  '引數': 將 'double' 轉換為 'float'，由於類型不同，可能導致資料遺失
C:\Users\User\Desktop\HaiYin\圖學\HW3\AS03_Framework\AS03_Framework\OpenGLFramework-VS2017\OpenGLFramework-VS2017\main.cpp(428,67): warning C4267:  '=': 將 'size_t' 轉換為 'int'，資料可能遺失
C:\Users\User\Desktop\HaiYin\圖學\HW3\AS03_Framework\AS03_Framework\OpenGLFramework-VS2017\OpenGLFramework-VS2017\main.cpp(488,51): warning C4244:  '-=': 將 'double' 轉換為 'float'，由於類型不同，可能導致資料遺失
C:\Users\User\Desktop\HaiYin\圖學\HW3\AS03_Framework\AS03_Framework\OpenGLFramework-VS2017\OpenGLFramework-VS2017\main.cpp(493,47): warning C4244:  '+=': 將 'double' 轉換為 'float'，由於類型不同，可能導致資料遺失
C:\Users\User\Desktop\HaiYin\圖學\HW3\AS03_Framework\AS03_Framework\OpenGLFramework-VS2017\OpenGLFramework-VS2017\main.cpp(498,51): warning C4244:  '+=': 將 'double' 轉換為 'float'，由於類型不同，可能導致資料遺失
C:\Users\User\Desktop\HaiYin\圖學\HW3\AS03_Framework\AS03_Framework\OpenGLFramework-VS2017\OpenGLFramework-VS2017\main.cpp(503,53): warning C4244:  '+=': 將 'double' 轉換為 'float'，由於類型不同，可能導致資料遺失
C:\Users\User\Desktop\HaiYin\圖學\HW3\AS03_Framework\AS03_Framework\OpenGLFramework-VS2017\OpenGLFramework-VS2017\main.cpp(506,51): warning C4244:  '+=': 將 'double' 轉換為 'float'，由於類型不同，可能導致資料遺失
C:\Users\User\Desktop\HaiYin\圖學\HW3\AS03_Framework\AS03_Framework\OpenGLFramework-VS2017\OpenGLFramework-VS2017\main.cpp(509,76): warning C4244:  '+=': 將 'double' 轉換為 'float'，由於類型不同，可能導致資料遺失
C:\Users\User\Desktop\HaiYin\圖學\HW3\AS03_Framework\AS03_Framework\OpenGLFramework-VS2017\OpenGLFramework-VS2017\main.cpp(534,17): warning C4244:  '正在初始化': 將 'int' 轉換為 'float'，由於類型不同，可能導致資料遺失
C:\Users\User\Desktop\HaiYin\圖學\HW3\AS03_Framework\AS03_Framework\OpenGLFramework-VS2017\OpenGLFramework-VS2017\main.cpp(535,17): warning C4244:  '正在初始化': 將 'int' 轉換為 'float'，由於類型不同，可能導致資料遺失
C:\Users\User\Desktop\HaiYin\圖學\HW3\AS03_Framework\AS03_Framework\OpenGLFramework-VS2017\OpenGLFramework-VS2017\main.cpp(541,53): warning C4244:  '+=': 將 'double' 轉換為 'float'，由於類型不同，可能導致資料遺失
C:\Users\User\Desktop\HaiYin\圖學\HW3\AS03_Framework\AS03_Framework\OpenGLFramework-VS2017\OpenGLFramework-VS2017\main.cpp(542,53): warning C4244:  '+=': 將 'double' 轉換為 'float'，由於類型不同，可能導致資料遺失
C:\Users\User\Desktop\HaiYin\圖學\HW3\AS03_Framework\AS03_Framework\OpenGLFramework-VS2017\OpenGLFramework-VS2017\main.cpp(547,51): warning C4244:  '+=': 將 'double' 轉換為 'float'，由於類型不同，可能導致資料遺失
C:\Users\User\Desktop\HaiYin\圖學\HW3\AS03_Framework\AS03_Framework\OpenGLFramework-VS2017\OpenGLFramework-VS2017\main.cpp(548,51): warning C4244:  '-=': 將 'double' 轉換為 'float'，由於類型不同，可能導致資料遺失
C:\Users\User\Desktop\HaiYin\圖學\HW3\AS03_Framework\AS03_Framework\OpenGLFramework-VS2017\OpenGLFramework-VS2017\main.cpp(553,44): warning C4244:  '+=': 將 'double' 轉換為 'float'，由於類型不同，可能導致資料遺失
C:\Users\User\Desktop\HaiYin\圖學\HW3\AS03_Framework\AS03_Framework\OpenGLFramework-VS2017\OpenGLFramework-VS2017\main.cpp(554,44): warning C4244:  '+=': 將 'double' 轉換為 'float'，由於類型不同，可能導致資料遺失
C:\Users\User\Desktop\HaiYin\圖學\HW3\AS03_Framework\AS03_Framework\OpenGLFramework-VS2017\OpenGLFramework-VS2017\main.cpp(559,58): warning C4244:  '+=': 將 'double' 轉換為 'float'，由於類型不同，可能導致資料遺失
C:\Users\User\Desktop\HaiYin\圖學\HW3\AS03_Framework\AS03_Framework\OpenGLFramework-VS2017\OpenGLFramework-VS2017\main.cpp(560,57): warning C4244:  '+=': 將 'double' 轉換為 'float'，由於類型不同，可能導致資料遺失
C:\Users\User\Desktop\HaiYin\圖學\HW3\AS03_Framework\AS03_Framework\OpenGLFramework-VS2017\OpenGLFramework-VS2017\main.cpp(563,46): warning C4244:  '+=': 將 'double' 轉換為 'float'，由於類型不同，可能導致資料遺失
C:\Users\User\Desktop\HaiYin\圖學\HW3\AS03_Framework\AS03_Framework\OpenGLFramework-VS2017\OpenGLFramework-VS2017\main.cpp(564,46): warning C4244:  '+=': 將 'double' 轉換為 'float'，由於類型不同，可能導致資料遺失
C:\Users\User\Desktop\HaiYin\圖學\HW3\AS03_Framework\AS03_Framework\OpenGLFramework-VS2017\OpenGLFramework-VS2017\main.cpp(567,77): warning C4244:  '+=': 將 'double' 轉換為 'float'，由於類型不同，可能導致資料遺失
C:\Users\User\Desktop\HaiYin\圖學\HW3\AS03_Framework\AS03_Framework\OpenGLFramework-VS2017\OpenGLFramework-VS2017\main.cpp(568,77): warning C4244:  '+=': 將 'double' 轉換為 'float'，由於類型不同，可能導致資料遺失
C:\Users\User\Desktop\HaiYin\圖學\HW3\AS03_Framework\AS03_Framework\OpenGLFramework-VS2017\OpenGLFramework-VS2017\main.cpp(841,50): warning C4267:  '=': 將 'size_t' 轉換為 'int'，資料可能遺失
C:\Users\User\Desktop\HaiYin\圖學\HW3\AS03_Framework\AS03_Framework\OpenGLFramework-VS2017\OpenGLFramework-VS2017\main.cpp(907,9): warning C4477:  'printf' : 格式字串 '%d' 需要 'int' 類型的引數，但 variadic 引數 1 的類型為 'unsigned __int64'
C:\Users\User\Desktop\HaiYin\圖學\HW3\AS03_Framework\AS03_Framework\OpenGLFramework-VS2017\OpenGLFramework-VS2017\main.cpp(907,9): message :  請考慮在格式字串中使用 '%zd'
C:\Users\User\Desktop\HaiYin\圖學\HW3\AS03_Framework\AS03_Framework\OpenGLFramework-VS2017\OpenGLFramework-VS2017\main.cpp(907,9): warning C4477:  'printf' : 格式字串 '%d' 需要 'int' 類型的引數，但 variadic 引數 2 的類型為 'unsigned __int64'
C:\Users\User\Desktop\HaiYin\圖學\HW3\AS03_Framework\AS03_Framework\OpenGLFramework-VS2017\OpenGLFramework-VS2017\main.cpp(907,9): message :  請考慮在格式字串中使用 '%zd'
C:\Users\User\Desktop\HaiYin\圖學\HW3\AS03_Framework\AS03_Framework\OpenGLFramework-VS2017\OpenGLFramework-VS2017\main.cpp(957,23): warning C4305:  '=': 從 'double' 轉換為 'GLfloat'，是由較大的類型轉換為較小的類型，可能導致資料遺失
C:\Users\User\Desktop\HaiYin\圖學\HW3\AS03_Framework\AS03_Framework\OpenGLFramework-VS2017\OpenGLFramework-VS2017\main.cpp(1005,33): warning C4305:  '引數': 從 'double' 轉換為 'GLfloat'，是由較大的類型轉換為較小的類型，可能導致資料遺失
  OpenGLFramework-VS2017.vcxproj -> C:\Users\User\Desktop\HaiYin\圖學\HW3\AS03_Framework\AS03_Framework\OpenGLFramework-VS2017\x64\Debug\OpenGLFramework-VS2017.exe
